<?xml version="1.0" encoding="UTF-8" ?>
<testsuite tests="13" failures="2" name="lt.viko.eif.vsubotkovski.companytoxml.models.CompanyTest" time="0.048" errors="0" skipped="0">
  <properties>
    <property name="java.runtime.name" value="Java(TM) SE Runtime Environment"/>
    <property name="java.vm.version" value="11.0.9+7-LTS"/>
    <property name="sun.boot.library.path" value="C:\Program Files\Java\jdk-11.0.9\bin"/>
    <property name="user.country.format" value="LT"/>
    <property name="maven.multiModuleProjectDirectory" value="C:\Users\valde\Desktop\II Kursas - pt. 2\Saityno paslaugos\1PD\company-to-xml"/>
    <property name="java.vm.vendor" value="Oracle Corporation"/>
    <property name="java.vendor.url" value="https://openjdk.java.net/"/>
    <property name="guice.disable.misplaced.annotation.check" value="true"/>
    <property name="path.separator" value=";"/>
    <property name="java.vm.name" value="Java HotSpot(TM) 64-Bit Server VM"/>
    <property name="sun.os.patch.level" value=""/>
    <property name="user.script" value=""/>
    <property name="user.country" value="US"/>
    <property name="sun.java.launcher" value="SUN_STANDARD"/>
    <property name="test" value="lt.viko.eif.vsubotkovski.companytoxml.models.CompanyTest"/>
    <property name="java.vm.specification.name" value="Java Virtual Machine Specification"/>
    <property name="user.dir" value="C:\Users\valde\Desktop\II Kursas - pt. 2\Saityno paslaugos\1PD\company-to-xml"/>
    <property name="java.vm.compressedOopsMode" value="Zero based"/>
    <property name="java.runtime.version" value="11.0.9+7-LTS"/>
    <property name="java.awt.graphicsenv" value="sun.awt.Win32GraphicsEnvironment"/>
    <property name="os.arch" value="amd64"/>
    <property name="java.io.tmpdir" value="C:\Users\valde\AppData\Local\Temp\"/>
    <property name="line.separator" value="
"/>
    <property name="java.vm.specification.vendor" value="Oracle Corporation"/>
    <property name="user.variant" value=""/>
    <property name="os.name" value="Windows 10"/>
    <property name="maven.ext.class.path" value="C:\Program Files\NetBeans-11.1\netbeans\java\maven-nblib\netbeans-eventspy.jar"/>
    <property name="classworlds.conf" value="C:\Program Files\NetBeans-11.1\netbeans\java\maven\bin\m2.conf"/>
    <property name="sun.jnu.encoding" value="Cp1252"/>
    <property name="java.library.path" value="C:\Program Files\Java\jdk-11.0.9\bin;C:\WINDOWS\Sun\Java\bin;C:\WINDOWS\system32;C:\WINDOWS;C:\Program Files\Common Files\Oracle\Java\javapath;C:\Windows\system32;C:\Windows;C:\Windows\System32\Wbem;C:\Windows\System32\WindowsPowerShell\v1.0\;C:\Windows\System32\OpenSSH\;C:\Program Files (x86)\NVIDIA Corporation\PhysX\Common;C:\Program Files\Intel\WiFi\bin\;C:\Program Files\Common Files\Intel\WirelessCommon\;C:\WINDOWS\system32;C:\WINDOWS;C:\WINDOWS\System32\Wbem;C:\WINDOWS\System32\WindowsPowerShell\v1.0\;C:\WINDOWS\System32\OpenSSH\;C:\Program Files\NVIDIA Corporation\NVIDIA NvDLISR;C:\WINDOWS\system32;C:\WINDOWS;C:\WINDOWS\System32\Wbem;C:\WINDOWS\System32\WindowsPowerShell\v1.0\;C:\WINDOWS\System32\OpenSSH\;C:\Program Files\Microsoft SQL Server\130\Tools\Binn\;C:\Program Files\Microsoft SQL Server\Client SDK\ODBC\170\Tools\Binn\;C:\Program Files (x86)\Microsoft SQL Server\150\Tools\Binn\;C:\Program Files\Microsoft SQL Server\150\Tools\Binn\;C:\Program Files (x86)\Microsoft SQL Server\150\DTS\Binn\;C:\Program Files\Microsoft SQL Server\150\DTS\Binn\;C:\Program Files\Azure Data Studio\bin;C:\Program Files\dotnet\;C:\Program Files (x86)\dotnet\;C:\Users\valde\AppData\Local\Microsoft\WindowsApps;C:\Program Files\JetBrains\CLion 2020.1.1\bin;C:\Users\valde\AppData\Local\Microsoft\WindowsApps;C:\Program Files\Azure Data Studio\bin;C:\Program Files\Azure Data Studio\bin;C:\Users\valde\.dotnet\tools;C:\Users\valde\AppData\Local\GitHubDesktop\bin;."/>
    <property name="jdk.debug" value="release"/>
    <property name="java.class.version" value="55.0"/>
    <property name="java.specification.name" value="Java Platform API Specification"/>
    <property name="sun.management.compiler" value="HotSpot 64-Bit Tiered Compilers"/>
    <property name="os.version" value="10.0"/>
    <property name="user.home" value="C:\Users\valde"/>
    <property name="user.timezone" value="Europe/Helsinki"/>
    <property name="java.awt.printerjob" value="sun.awt.windows.WPrinterJob"/>
    <property name="file.encoding" value="UTF-8"/>
    <property name="java.specification.version" value="11"/>
    <property name="user.name" value="valde"/>
    <property name="java.class.path" value="C:\Program Files\NetBeans-11.1\netbeans\java\maven\boot\plexus-classworlds-2.5.2.jar"/>
    <property name="java.vm.specification.version" value="11"/>
    <property name="sun.arch.data.model" value="64"/>
    <property name="sun.java.command" value="org.codehaus.plexus.classworlds.launcher.Launcher -Dtest=lt.viko.eif.vsubotkovski.companytoxml.models.CompanyTest -Dmaven.ext.class.path=C:\Program Files\NetBeans-11.1\netbeans\java\maven-nblib\netbeans-eventspy.jar -Dfile.encoding=UTF-8 surefire:test"/>
    <property name="java.home" value="C:\Program Files\Java\jdk-11.0.9"/>
    <property name="user.language" value="en"/>
    <property name="java.specification.vendor" value="Oracle Corporation"/>
    <property name="user.language.format" value="lt"/>
    <property name="awt.toolkit" value="sun.awt.windows.WToolkit"/>
    <property name="java.vm.info" value="mixed mode"/>
    <property name="java.version" value="11.0.9"/>
    <property name="java.vendor" value="Oracle Corporation"/>
    <property name="maven.home" value="C:\Program Files\NetBeans-11.1\netbeans\java\maven"/>
    <property name="file.separator" value="\"/>
    <property name="java.version.date" value="2020-10-20"/>
    <property name="java.vendor.url.bug" value="https://bugreport.java.com/bugreport/"/>
    <property name="sun.io.unicode.encoding" value="UnicodeLittle"/>
    <property name="sun.cpu.endian" value="little"/>
    <property name="java.vendor.version" value="18.9"/>
    <property name="sun.desktop" value="windows"/>
    <property name="sun.cpu.isalist" value="amd64"/>
  </properties>
  <testcase classname="lt.viko.eif.vsubotkovski.companytoxml.models.CompanyTest" name="lt.viko.eif.vsubotkovski.companytoxml.models.CompanyTest.testGetCity" time="0.003"/>
  <testcase classname="lt.viko.eif.vsubotkovski.companytoxml.models.CompanyTest" name="lt.viko.eif.vsubotkovski.companytoxml.models.CompanyTest.testSetTel" time="0"/>
  <testcase classname="lt.viko.eif.vsubotkovski.companytoxml.models.CompanyTest" name="lt.viko.eif.vsubotkovski.companytoxml.models.CompanyTest.testSetCity" time="0"/>
  <testcase classname="lt.viko.eif.vsubotkovski.companytoxml.models.CompanyTest" name="lt.viko.eif.vsubotkovski.companytoxml.models.CompanyTest.testSetCompanyName" time="0"/>
  <testcase classname="lt.viko.eif.vsubotkovski.companytoxml.models.CompanyTest" name="lt.viko.eif.vsubotkovski.companytoxml.models.CompanyTest.testGetCompanyName" time="0"/>
  <testcase classname="lt.viko.eif.vsubotkovski.companytoxml.models.CompanyTest" name="lt.viko.eif.vsubotkovski.companytoxml.models.CompanyTest.testGetAdress" time="0"/>
  <testcase classname="lt.viko.eif.vsubotkovski.companytoxml.models.CompanyTest" name="lt.viko.eif.vsubotkovski.companytoxml.models.CompanyTest.testToString" time="0.04"/>
  <testcase classname="lt.viko.eif.vsubotkovski.companytoxml.models.CompanyTest" name="lt.viko.eif.vsubotkovski.companytoxml.models.CompanyTest.testGetVehicles" time="0.005">
    <failure message="The test case is a prototype." type="org.opentest4j.AssertionFailedError">org.opentest4j.AssertionFailedError: The test case is a prototype.
	at org.junit.jupiter.api.AssertionUtils.fail(AssertionUtils.java:38)
	at org.junit.jupiter.api.Assertions.fail(Assertions.java:84)
	at lt.viko.eif.vsubotkovski.companytoxml.models.CompanyTest.testGetVehicles(CompanyTest.java:186)
</failure>
    <system-out>getVehicles
</system-out>
  </testcase>
  <testcase classname="lt.viko.eif.vsubotkovski.companytoxml.models.CompanyTest" name="lt.viko.eif.vsubotkovski.companytoxml.models.CompanyTest.testSetAdress" time="0"/>
  <testcase classname="lt.viko.eif.vsubotkovski.companytoxml.models.CompanyTest" name="lt.viko.eif.vsubotkovski.companytoxml.models.CompanyTest.testSetVehicles" time="0">
    <failure message="The test case is a prototype." type="org.opentest4j.AssertionFailedError">org.opentest4j.AssertionFailedError: The test case is a prototype.
	at org.junit.jupiter.api.AssertionUtils.fail(AssertionUtils.java:38)
	at org.junit.jupiter.api.Assertions.fail(Assertions.java:84)
	at lt.viko.eif.vsubotkovski.companytoxml.models.CompanyTest.testSetVehicles(CompanyTest.java:199)
</failure>
    <system-out>setVehicles
</system-out>
  </testcase>
  <testcase classname="lt.viko.eif.vsubotkovski.companytoxml.models.CompanyTest" name="lt.viko.eif.vsubotkovski.companytoxml.models.CompanyTest.testGetUrlAdress" time="0"/>
  <testcase classname="lt.viko.eif.vsubotkovski.companytoxml.models.CompanyTest" name="lt.viko.eif.vsubotkovski.companytoxml.models.CompanyTest.testSetUrlAdress" time="0"/>
  <testcase classname="lt.viko.eif.vsubotkovski.companytoxml.models.CompanyTest" name="lt.viko.eif.vsubotkovski.companytoxml.models.CompanyTest.testGetTel" time="0"/>
</testsuite>